Gym has been unmaintained since 2022 and does not support NumPy 2.0 amongst other critical functionality.
Please upgrade to Gymnasium, the maintained drop-in replacement of Gym, or contact the authors of your software and request that they upgrade.
Users of this version of Gym should be able to simply replace 'import gym' with 'import gymnasium as gym' in the vast majority of cases.
See the migration guide at https://gymnasium.farama.org/introduction/migration_guide/ for additional information.
usage: train_historical_model.py [-h] [--symbols SYMBOLS]
                                 [--start-date START_DATE]
                                 [--end-date END_DATE] [--timesteps TIMESTEPS]
                                 [--model-name MODEL_NAME] [--use-greeks]
                                 [--use-features] [--regime-balanced]
train_historical_model.py: error: unrecognized arguments: --save-freq 100000
⚠️ 'ta' library not available. Install with: pip install ta
⚠️ 'talib' library not available. Install with: pip install ta-lib
Gym has been unmaintained since 2022 and does not support NumPy 2.0 amongst other critical functionality.
Please upgrade to Gymnasium, the maintained drop-in replacement of Gym, or contact the authors of your software and request that they upgrade.
Users of this version of Gym should be able to simply replace 'import gym' with 'import gymnasium as gym' in the vast majority of cases.
See the migration guide at https://gymnasium.farama.org/introduction/migration_guide/ for additional information.
usage: train_historical_model.py [-h] [--symbols SYMBOLS]
                                 [--start-date START_DATE]
                                 [--end-date END_DATE] [--timesteps TIMESTEPS]
                                 [--model-name MODEL_NAME] [--use-greeks]
                                 [--use-features] [--regime-balanced]
train_historical_model.py: error: unrecognized arguments: --save-freq 100000
⚠️ 'ta' library not available. Install with: pip install ta
⚠️ 'talib' library not available. Install with: pip install ta-lib
Gym has been unmaintained since 2022 and does not support NumPy 2.0 amongst other critical functionality.
Please upgrade to Gymnasium, the maintained drop-in replacement of Gym, or contact the authors of your software and request that they upgrade.
Users of this version of Gym should be able to simply replace 'import gym' with 'import gymnasium as gym' in the vast majority of cases.
See the migration guide at https://gymnasium.farama.org/introduction/migration_guide/ for additional information.
usage: train_historical_model.py [-h] [--symbols SYMBOLS]
                                 [--start-date START_DATE]
                                 [--end-date END_DATE] [--timesteps TIMESTEPS]
                                 [--model-name MODEL_NAME] [--use-greeks]
                                 [--use-features] [--regime-balanced]
train_historical_model.py: error: unrecognized arguments: --save-freq 100000
⚠️ 'ta' library not available. Install with: pip install ta
⚠️ 'talib' library not available. Install with: pip install ta-lib
Gym has been unmaintained since 2022 and does not support NumPy 2.0 amongst other critical functionality.
Please upgrade to Gymnasium, the maintained drop-in replacement of Gym, or contact the authors of your software and request that they upgrade.
Users of this version of Gym should be able to simply replace 'import gym' with 'import gymnasium as gym' in the vast majority of cases.
See the migration guide at https://gymnasium.farama.org/introduction/migration_guide/ for additional information.
usage: train_historical_model.py [-h] [--symbols SYMBOLS]
                                 [--start-date START_DATE]
                                 [--end-date END_DATE] [--timesteps TIMESTEPS]
                                 [--model-name MODEL_NAME] [--use-greeks]
                                 [--use-features] [--regime-balanced]
train_historical_model.py: error: unrecognized arguments: --save-freq 100000
⚠️ 'ta' library not available. Install with: pip install ta
⚠️ 'talib' library not available. Install with: pip install ta-lib
Gym has been unmaintained since 2022 and does not support NumPy 2.0 amongst other critical functionality.
Please upgrade to Gymnasium, the maintained drop-in replacement of Gym, or contact the authors of your software and request that they upgrade.
Users of this version of Gym should be able to simply replace 'import gym' with 'import gymnasium as gym' in the vast majority of cases.
See the migration guide at https://gymnasium.farama.org/introduction/migration_guide/ for additional information.
usage: train_historical_model.py [-h] [--symbols SYMBOLS]
                                 [--start-date START_DATE]
                                 [--end-date END_DATE] [--timesteps TIMESTEPS]
                                 [--model-name MODEL_NAME] [--use-greeks]
                                 [--use-features] [--regime-balanced]
train_historical_model.py: error: unrecognized arguments: --save-freq 100000
⚠️ 'ta' library not available. Install with: pip install ta
⚠️ 'talib' library not available. Install with: pip install ta-lib
Gym has been unmaintained since 2022 and does not support NumPy 2.0 amongst other critical functionality.
Please upgrade to Gymnasium, the maintained drop-in replacement of Gym, or contact the authors of your software and request that they upgrade.
Users of this version of Gym should be able to simply replace 'import gym' with 'import gymnasium as gym' in the vast majority of cases.
See the migration guide at https://gymnasium.farama.org/introduction/migration_guide/ for additional information.
usage: train_historical_model.py [-h] [--symbols SYMBOLS]
                                 [--start-date START_DATE]
                                 [--end-date END_DATE] [--timesteps TIMESTEPS]
                                 [--model-name MODEL_NAME] [--use-greeks]
                                 [--use-features] [--regime-balanced]
train_historical_model.py: error: unrecognized arguments: --save-freq 100000
⚠️ 'ta' library not available. Install with: pip install ta
⚠️ 'talib' library not available. Install with: pip install ta-lib
Gym has been unmaintained since 2022 and does not support NumPy 2.0 amongst other critical functionality.
Please upgrade to Gymnasium, the maintained drop-in replacement of Gym, or contact the authors of your software and request that they upgrade.
Users of this version of Gym should be able to simply replace 'import gym' with 'import gymnasium as gym' in the vast majority of cases.
See the migration guide at https://gymnasium.farama.org/introduction/migration_guide/ for additional information.
usage: train_historical_model.py [-h] [--symbols SYMBOLS]
                                 [--start-date START_DATE]
                                 [--end-date END_DATE] [--timesteps TIMESTEPS]
                                 [--model-name MODEL_NAME] [--use-greeks]
                                 [--use-features] [--regime-balanced]
train_historical_model.py: error: unrecognized arguments: --save-freq 100000
⚠️ 'ta' library not available. Install with: pip install ta
⚠️ 'talib' library not available. Install with: pip install ta-lib
Gym has been unmaintained since 2022 and does not support NumPy 2.0 amongst other critical functionality.
Please upgrade to Gymnasium, the maintained drop-in replacement of Gym, or contact the authors of your software and request that they upgrade.
Users of this version of Gym should be able to simply replace 'import gym' with 'import gymnasium as gym' in the vast majority of cases.
See the migration guide at https://gymnasium.farama.org/introduction/migration_guide/ for additional information.
usage: train_historical_model.py [-h] [--symbols SYMBOLS]
                                 [--start-date START_DATE]
                                 [--end-date END_DATE] [--timesteps TIMESTEPS]
                                 [--model-name MODEL_NAME] [--use-greeks]
                                 [--use-features] [--regime-balanced]
train_historical_model.py: error: unrecognized arguments: --save-freq 100000
⚠️ 'ta' library not available. Install with: pip install ta
⚠️ 'talib' library not available. Install with: pip install ta-lib
Gym has been unmaintained since 2022 and does not support NumPy 2.0 amongst other critical functionality.
Please upgrade to Gymnasium, the maintained drop-in replacement of Gym, or contact the authors of your software and request that they upgrade.
Users of this version of Gym should be able to simply replace 'import gym' with 'import gymnasium as gym' in the vast majority of cases.
See the migration guide at https://gymnasium.farama.org/introduction/migration_guide/ for additional information.
usage: train_historical_model.py [-h] [--symbols SYMBOLS]
                                 [--start-date START_DATE]
                                 [--end-date END_DATE] [--timesteps TIMESTEPS]
                                 [--model-name MODEL_NAME] [--use-greeks]
                                 [--use-features] [--regime-balanced]
train_historical_model.py: error: unrecognized arguments: --save-freq 100000
⚠️ 'ta' library not available. Install with: pip install ta
⚠️ 'talib' library not available. Install with: pip install ta-lib
Gym has been unmaintained since 2022 and does not support NumPy 2.0 amongst other critical functionality.
Please upgrade to Gymnasium, the maintained drop-in replacement of Gym, or contact the authors of your software and request that they upgrade.
Users of this version of Gym should be able to simply replace 'import gym' with 'import gymnasium as gym' in the vast majority of cases.
See the migration guide at https://gymnasium.farama.org/introduction/migration_guide/ for additional information.
usage: train_historical_model.py [-h] [--symbols SYMBOLS]
                                 [--start-date START_DATE]
                                 [--end-date END_DATE] [--timesteps TIMESTEPS]
                                 [--model-name MODEL_NAME] [--use-greeks]
                                 [--use-features] [--regime-balanced]
train_historical_model.py: error: unrecognized arguments: --save-freq 100000
⚠️ 'ta' library not available. Install with: pip install ta
⚠️ 'talib' library not available. Install with: pip install ta-lib
Gym has been unmaintained since 2022 and does not support NumPy 2.0 amongst other critical functionality.
Please upgrade to Gymnasium, the maintained drop-in replacement of Gym, or contact the authors of your software and request that they upgrade.
Users of this version of Gym should be able to simply replace 'import gym' with 'import gymnasium as gym' in the vast majority of cases.
See the migration guide at https://gymnasium.farama.org/introduction/migration_guide/ for additional information.
usage: train_historical_model.py [-h] [--symbols SYMBOLS]
                                 [--start-date START_DATE]
                                 [--end-date END_DATE] [--timesteps TIMESTEPS]
                                 [--model-name MODEL_NAME] [--use-greeks]
                                 [--use-features] [--regime-balanced]
train_historical_model.py: error: unrecognized arguments: --save-freq 100000
⚠️ 'ta' library not available. Install with: pip install ta
⚠️ 'talib' library not available. Install with: pip install ta-lib
